[debug] [2020-04-13T12:06:58.856Z] ----------------------------------------------------------------------
[debug] [2020-04-13T12:06:58.859Z] Command:       E:\Program Files\nodejs\node.exe C:\Users\Arun\AppData\Roaming\npm\node_modules\firebase-tools\lib\bin\firebase.js init
[debug] [2020-04-13T12:06:58.859Z] CLI Version:   7.7.0
[debug] [2020-04-13T12:06:58.859Z] Platform:      win32
[debug] [2020-04-13T12:06:58.859Z] Node Version:  v12.11.1
[debug] [2020-04-13T12:06:58.870Z] Time:          Mon Apr 13 2020 17:36:58 GMT+0530 (India Standard Time)
[debug] [2020-04-13T12:06:58.870Z] ----------------------------------------------------------------------
[debug] [2020-04-13T12:06:58.870Z] 
[debug] [2020-04-13T12:06:58.891Z] > command requires scopes: ["email","openid","https://www.googleapis.com/auth/cloudplatformprojects.readonly","https://www.googleapis.com/auth/firebase","https://www.googleapis.com/auth/cloud-platform"]
[debug] [2020-04-13T12:06:58.892Z] > authorizing via signed-in user
[info] 
     ######## #### ########  ######## ########     ###     ######  ########
     ##        ##  ##     ## ##       ##     ##  ##   ##  ##       ##
     ######    ##  ########  ######   ########  #########  ######  ######
     ##        ##  ##    ##  ##       ##     ## ##     ##       ## ##
     ##       #### ##     ## ######## ########  ##     ##  ######  ########

You're about to initialize a Firebase project in this directory:

  D:\Development\amhi-khadad2.0

[info] 
=== Project Setup
[info] 
[info] First, let's associate this project directory with a Firebase project.
[info] You can create multiple project aliases by running firebase use --add, 
[info] but for now we'll just set up a default project.
[info] 
[info] i  If you want to create a project in a Google Cloud organization or folder, please use "firebase projects:create" instead, and return to this command when you've created the project.
[debug] [2020-04-13T12:07:44.232Z] > refreshing access token with scopes: ["email","https://www.googleapis.com/auth/cloud-platform","https://www.googleapis.com/auth/cloudplatformprojects.readonly","https://www.googleapis.com/auth/firebase","openid"]
[debug] [2020-04-13T12:07:44.233Z] >>> HTTP REQUEST POST https://www.googleapis.com/oauth2/v3/token  
 <request body omitted>
[debug] [2020-04-13T12:07:44.546Z] <<< HTTP RESPONSE 200
[debug] [2020-04-13T12:07:44.567Z] >>> HTTP REQUEST POST https://cloudresourcemanager.googleapis.com/v1/projects  

[debug] [2020-04-13T12:07:46.613Z] <<< HTTP RESPONSE 409
[debug] [2020-04-13T12:07:46.613Z] <<< HTTP RESPONSE BODY
[debug] [2020-04-13T12:07:46.615Z] HTTP Error: 409, Requested entity already exists
[debug] [2020-04-13T12:07:46.834Z] FirebaseError: HTTP Error: 409, Requested entity already exists
    at module.exports (C:\Users\Arun\AppData\Roaming\npm\node_modules\firebase-tools\lib\responseToError.js:38:12)
    at Request._callback (C:\Users\Arun\AppData\Roaming\npm\node_modules\firebase-tools\lib\api.js:39:35)
    at Request.self.callback (C:\Users\Arun\AppData\Roaming\npm\node_modules\firebase-tools\node_modules\request\request.js:185:22)
    at Request.emit (events.js:210:5)
    at Request.EventEmitter.emit (domain.js:476:20)
    at Request.<anonymous> (C:\Users\Arun\AppData\Roaming\npm\node_modules\firebase-tools\node_modules\request\request.js:1161:10)
    at Request.emit (events.js:210:5)
    at Request.EventEmitter.emit (domain.js:476:20)
    at IncomingMessage.<anonymous> (C:\Users\Arun\AppData\Roaming\npm\node_modules\firebase-tools\node_modules\request\request.js:1083:12)
    at Object.onceWrapper (events.js:299:28)
[error] 
[error] Error: Failed to create Google Cloud project. See firebase-debug.log for more info.
